<?xml version="1.0" encoding="UTF-8"?>
<testsuite name="SimpleBankSystemTest" tests="1" skipped="0" failures="0" errors="0" timestamp="2020-04-15T11:03:31" hostname="justspacepc" time="2.78">
  <properties/>
  <testcase name="start" classname="SimpleBankSystemTest" time="2.78"/>
  <system-out><![CDATA[?[1;31m
Start test 1?[0m
1. Create an account
2. Log into account
0. Exit

>0
Bye!
?[1;31m
Start test 2?[0m
1. Create an account
2. Log into account
0. Exit

>0
Bye!
?[1;31m
Start test 3?[0m
1. Create an account
2. Log into account
0. Exit

>0
Bye!
?[1;31m
Start test 4?[0m
1. Create an account
2. Log into account
0. Exit

>0
Bye!
?[1;31m
Start test 5?[0m
1. Create an account
2. Log into account
0. Exit

>1
Your card have been created
Your card number:
4000000800476758
Your card PIN:
4660

1. Create an account
2. Log into account
0. Exit

>1
Your card have been created
Your card number:
4000000926776016
Your card PIN:
9040

1. Create an account
2. Log into account
0. Exit

>1
Your card have been created
Your card number:
4000000427938438
Your card PIN:
9877

1. Create an account
2. Log into account
0. Exit

>1
Your card have been created
Your card number:
4000000921178655
Your card PIN:
2289

1. Create an account
2. Log into account
0. Exit

>0
Bye!
?[1;31m
Start test 6?[0m
1. Create an account
2. Log into account
0. Exit

>1
Your card have been created
Your card number:
4000000800476758
Your card PIN:
4660

1. Create an account
2. Log into account
0. Exit

>2
Please, enter card number:
>4000000800476758
Enter your PIN:
>4660
You have successfully logged in!

1. Balance
2. Add income
3. Do transfer
4. Close account
5. Log out
0. Exit
>0
Bye!
?[1;31m
Start test 7?[0m
1. Create an account
2. Log into account
0. Exit

>1
Your card have been created
Your card number:
4000000800476758
Your card PIN:
4660

1. Create an account
2. Log into account
0. Exit

>2
Please, enter card number:
>4000000800476758
Enter your PIN:
>4452
Wrong card number of PIN!

1. Create an account
2. Log into account
0. Exit

>0
Bye!
?[1;31m
Start test 8?[0m
1. Create an account
2. Log into account
0. Exit

>1
Your card have been created
Your card number:
4000000800476758
Your card PIN:
4660

1. Create an account
2. Log into account
0. Exit

>2
Please, enter card number:
>400000801362024
Enter your PIN:
>4660
ResultSet closed
Wrong card number of PIN!

1. Create an account
2. Log into account
0. Exit

>0
Bye!
?[1;31m
Start test 9?[0m
1. Create an account
2. Log into account
0. Exit

>1
Your card have been created
Your card number:
4000000800476758
Your card PIN:
4660

1. Create an account
2. Log into account
0. Exit

>2
Please, enter card number:
>4000000800476758
Enter your PIN:
>4660
You have successfully logged in!

1. Balance
2. Add income
3. Do transfer
4. Close account
5. Log out
0. Exit
>1
Balance: 0
1. Balance
2. Add income
3. Do transfer
4. Close account
5. Log out
0. Exit
>0
Bye!
?[1;31m
Start test 10?[0m
1. Create an account
2. Log into account
0. Exit

>1
Your card have been created
Your card number:
4000000800476758
Your card PIN:
4660

1. Create an account
2. Log into account
0. Exit

>2
Please, enter card number:
>4000000800476758
Enter your PIN:
>4660
You have successfully logged in!

1. Balance
2. Add income
3. Do transfer
4. Close account
5. Log out
0. Exit
>2
Please, enter amount of incoming money.
>10000
1. Balance
2. Add income
3. Do transfer
4. Close account
5. Log out
0. Exit
>2
Please, enter amount of incoming money.
>15000
1. Balance
2. Add income
3. Do transfer
4. Close account
5. Log out
0. Exit
>0
Bye!
?[1;31m
Start test 11?[0m
1. Create an account
2. Log into account
0. Exit

>1
Your card have been created
Your card number:
4000000800476758
Your card PIN:
4660

1. Create an account
2. Log into account
0. Exit

>2
Please, enter card number:
>4000000800476758
Enter your PIN:
>4660
You have successfully logged in!

1. Balance
2. Add income
3. Do transfer
4. Close account
5. Log out
0. Exit
>4
1. Create an account
2. Log into account
0. Exit

>0
Bye!
]]></system-out>
  <system-err><![CDATA[]]></system-err>
</testsuite>
